<?xml version="1.0" encoding="UTF-8"?>
<testng-results skipped="0" failed="0" ignored="0" total="1" passed="1">
  <reporter-output>
  </reporter-output>
  <suite name="Default suite" duration-ms="8351" started-at="2018-07-15T23:32:50Z" finished-at="2018-07-15T23:32:58Z">
    <groups>
    </groups>
    <test name="Default test" duration-ms="8351" started-at="2018-07-15T23:32:50Z" finished-at="2018-07-15T23:32:58Z">
      <class name="pageObjectModel.testingCybertek">
        <test-method status="PASS" signature="setUp()[pri:0, instance:pageObjectModel.testingCybertek@3ffc5af1]" name="setUp" duration-ms="8327" started-at="2018-07-15T23:32:50Z" finished-at="2018-07-15T23:32:58Z">
          <reporter-output>
          </reporter-output>
        </test-method> <!-- setUp -->
      </class> <!-- pageObjectModel.testingCybertek -->
    </test> <!-- Default test -->
  </suite> <!-- Default suite -->
</testng-results>
